<?xml version="1.0" encoding="UTF-8"?>
<testsuite name="testing.OrgJSONMappingTest" tests="2" skipped="0" failures="0" errors="0" timestamp="2017-10-28T21:19:32" hostname="brain" time="0.159">
  <properties/>
  <testcase name="convertFromJSON" classname="testing.OrgJSONMappingTest" time="0.081"/>
  <testcase name="convertToJSON" classname="testing.OrgJSONMappingTest" time="0.021"/>
  <system-out><![CDATA[]]></system-out>
  <system-err><![CDATA[]]></system-err>
</testsuite>
