<?xml version="1.0" encoding="UTF-8"?>
<testsuite name="testing.GsonMappingTest" tests="2" skipped="0" failures="0" errors="0" timestamp="2017-10-22T15:18:40" hostname="brain" time="0.375">
  <properties/>
  <testcase name="convertFromJSON" classname="testing.GsonMappingTest" time="0.265"/>
  <testcase name="convertToJSON" classname="testing.GsonMappingTest" time="0.029"/>
  <system-out><![CDATA[initializeBook has executed.
Used memory in megabytes: 2.165810 
The runtime of method initializeBook() is 51 ms

initializeBook has executed.
Used memory in megabytes: 2.165581 
The runtime of method initializeBook() is 23 ms

BOOK TITLE: War and Peace
BOOK GENRE: Novel
AUTHOR NAME: Leo Tolstoy
YEAR OF PUBLISHING: 1867

BOOK TITLE: Harry Potter and the Philosopher's Stone
BOOK GENRE: Fantasy
AUTHOR NAME: J. K. Rowling
YEAR OF PUBLISHING: 1997

BOOK TITLE: Unknown
BOOK GENRE: Unknown
AUTHOR NAME: Unknown
YEAR OF PUBLISHING: 0

createBooks has executed.
Used memory in megabytes: 2.162811 
The runtime of method createBooks() is 105 ms

GOOGLE GSON SERIALIZATION
BOOK #1
{"title":"War and Peace","genre":"Novel","authorName":"Leo Tolstoy","year":1867}
BOOK #2
{"title":"Harry Potter and the Philosopher\u0027s Stone","genre":"Fantasy","authorName":"J. K. Rowling","year":1997}
BOOK #3
{"title":"Unknown","genre":"Unknown","authorName":"Unknown","year":0}

convertToJSON has executed.
Used memory in megabytes: 2.641708 
The runtime of method convertToJSON() is 140 ms

GOOGLE GSON SERIALIZATION
BOOK #1
{"title":"War and Peace","genre":"Novel","authorName":"Leo Tolstoy","year":1867}
BOOK #2
{"title":"Harry Potter and the Philosopher\u0027s Stone","genre":"Fantasy","authorName":"J. K. Rowling","year":1997}
BOOK #3
{"title":"Unknown","genre":"Unknown","authorName":"Unknown","year":0}

convertToJSON has executed.
Used memory in megabytes: 3.604691 
The runtime of method convertToJSON() is 32 ms

GOOGLE GSON DESERIALIZATION

convertFromJSON has executed.
Used memory in megabytes: 3.229057 
The runtime of method convertFromJSON() is 90 ms

initializeBook has executed.
Used memory in megabytes: 3.225441 
The runtime of method initializeBook() is 18 ms

initializeBook has executed.
Used memory in megabytes: 2.265411 
The runtime of method initializeBook() is 40 ms

BOOK TITLE: War and Peace
BOOK GENRE: Novel
AUTHOR NAME: Leo Tolstoy
YEAR OF PUBLISHING: 1867

BOOK TITLE: Harry Potter and the Philosopher's Stone
BOOK GENRE: Fantasy
AUTHOR NAME: J. K. Rowling
YEAR OF PUBLISHING: 1997

BOOK TITLE: Unknown
BOOK GENRE: Unknown
AUTHOR NAME: Unknown
YEAR OF PUBLISHING: 0

createBooks has executed.
Used memory in megabytes: 2.261017 
The runtime of method createBooks() is 81 ms

GOOGLE GSON SERIALIZATION
BOOK #1
{"title":"War and Peace","genre":"Novel","authorName":"Leo Tolstoy","year":1867}
BOOK #2
{"title":"Harry Potter and the Philosopher\u0027s Stone","genre":"Fantasy","authorName":"J. K. Rowling","year":1997}
BOOK #3
{"title":"Unknown","genre":"Unknown","authorName":"Unknown","year":0}

convertToJSON has executed.
Used memory in megabytes: 2.262604 
The runtime of method convertToJSON() is 29 ms

]]></system-out>
  <system-err><![CDATA[]]></system-err>
</testsuite>
