<?xml version="1.0" encoding="UTF-8"?>
<testsuite name="testing.AuthorInfoTest" tests="6" skipped="0" failures="0" errors="0" timestamp="2017-10-28T21:19:30" hostname="brain" time="0.006">
  <properties/>
  <testcase name="setYearOfBirth" classname="testing.AuthorInfoTest" time="0.004"/>
  <testcase name="setPlaceOfBirth" classname="testing.AuthorInfoTest" time="0.0"/>
  <testcase name="setFullName" classname="testing.AuthorInfoTest" time="0.0"/>
  <testcase name="getFullName" classname="testing.AuthorInfoTest" time="0.0"/>
  <testcase name="getYearOfBirth" classname="testing.AuthorInfoTest" time="0.0"/>
  <testcase name="getPlaceOfBirth" classname="testing.AuthorInfoTest" time="0.0"/>
  <system-out><![CDATA[]]></system-out>
  <system-err><![CDATA[]]></system-err>
</testsuite>
