<?xml version="1.0" encoding="UTF-8"?>
<testsuite name="testing.GsonMappingTest" tests="2" skipped="0" failures="0" errors="0" timestamp="2017-10-28T21:19:30" hostname="brain" time="0.389">
  <properties/>
  <testcase name="convertFromJSON" classname="testing.GsonMappingTest" time="0.278"/>
  <testcase name="convertToJSON" classname="testing.GsonMappingTest" time="0.025"/>
  <system-out><![CDATA[initializeBook has executed.
Used memory in megabytes: 2.700729 
The runtime of method initializeBook() is 62 ms

initializeBook has executed.
Used memory in megabytes: 2.701981 
The runtime of method initializeBook() is 28 ms

BOOK TITLE: War and Peace
BOOK GENRE: Novel
AUTHOR NAME: L. Tolstoy
YEAR OF PUBLISHING: 1867
=====AUTHOR INFO===== 
Full Name: Leo Tolstoy
POB: Yasnaya Polyana, Russian Empire
Year of Birth: 1828
=====================
BOOK ISBN NUMBER: 978-5-699-08860-7

BOOK TITLE: Harry Potter and the Philosopher's Stone
BOOK GENRE: Fantasy
AUTHOR NAME: J. K. Rowling
YEAR OF PUBLISHING: 1997
=====AUTHOR INFO===== 
Full Name: Joanne Rowling
POB: Yate, Gloucestershire, England
Year of Birth: 1965
=====================
BOOK ISBN NUMBER: 978-5-389-07435-4

createBooks has executed.
Used memory in megabytes: 2.189476 
The runtime of method createBooks() is 134 ms

GOOGLE GSON SERIALIZATION
BOOK #1
{
  "title": "War and Peace",
  "genre": "Novel",
  "authorName": "L. Tolstoy",
  "yearOfPublication": 1867,
  "authorInfo": {
    "fullName": "Leo Tolstoy",
    "placeOfBirth": "Yasnaya Polyana, Russian Empire",
    "yearOfBirth": 1828
  },
  "ISBNnumber": {
    "1": "978-5-699-08860-7"
  }
}
BOOK #2
{
  "title": "Harry Potter and the Philosopher\u0027s Stone",
  "genre": "Fantasy",
  "authorName": "J. K. Rowling",
  "yearOfPublication": 1997,
  "authorInfo": {
    "fullName": "Joanne Rowling",
    "placeOfBirth": "Yate, Gloucestershire, England",
    "yearOfBirth": 1965
  },
  "ISBNnumber": {
    "2": "978-5-389-07435-4"
  }
}

convertToJSON has executed.
Used memory in megabytes: 2.699196 
The runtime of method convertToJSON() is 177 ms

GOOGLE GSON SERIALIZATION
BOOK #1
{
  "title": "War and Peace",
  "genre": "Novel",
  "authorName": "L. Tolstoy",
  "yearOfPublication": 1867,
  "authorInfo": {
    "fullName": "Leo Tolstoy",
    "placeOfBirth": "Yasnaya Polyana, Russian Empire",
    "yearOfBirth": 1828
  },
  "ISBNnumber": {
    "1": "978-5-699-08860-7"
  }
}
BOOK #2
{
  "title": "Harry Potter and the Philosopher\u0027s Stone",
  "genre": "Fantasy",
  "authorName": "J. K. Rowling",
  "yearOfPublication": 1997,
  "authorInfo": {
    "fullName": "Joanne Rowling",
    "placeOfBirth": "Yate, Gloucestershire, England",
    "yearOfBirth": 1965
  },
  "ISBNnumber": {
    "2": "978-5-389-07435-4"
  }
}

convertToJSON has executed.
Used memory in megabytes: 2.700981 
The runtime of method convertToJSON() is 36 ms

GOOGLE GSON DESERIALIZATION

convertFromJSON has executed.
Used memory in megabytes: 2.311584 
The runtime of method convertFromJSON() is 59 ms

initializeBook has executed.
Used memory in megabytes: 2.297737 
The runtime of method initializeBook() is 39 ms

initializeBook has executed.
Used memory in megabytes: 2.297661 
The runtime of method initializeBook() is 21 ms

BOOK TITLE: War and Peace
BOOK GENRE: Novel
AUTHOR NAME: L. Tolstoy
YEAR OF PUBLISHING: 1867
=====AUTHOR INFO===== 
Full Name: Leo Tolstoy
POB: Yasnaya Polyana, Russian Empire
Year of Birth: 1828
=====================
BOOK ISBN NUMBER: 978-5-699-08860-7

BOOK TITLE: Harry Potter and the Philosopher's Stone
BOOK GENRE: Fantasy
AUTHOR NAME: J. K. Rowling
YEAR OF PUBLISHING: 1997
=====AUTHOR INFO===== 
Full Name: Joanne Rowling
POB: Yate, Gloucestershire, England
Year of Birth: 1965
=====================
BOOK ISBN NUMBER: 978-5-389-07435-4

createBooks has executed.
Used memory in megabytes: 2.302383 
The runtime of method createBooks() is 86 ms

GOOGLE GSON SERIALIZATION
BOOK #1
{
  "title": "War and Peace",
  "genre": "Novel",
  "authorName": "L. Tolstoy",
  "yearOfPublication": 1867,
  "authorInfo": {
    "fullName": "Leo Tolstoy",
    "placeOfBirth": "Yasnaya Polyana, Russian Empire",
    "yearOfBirth": 1828
  },
  "ISBNnumber": {
    "1": "978-5-699-08860-7"
  }
}
BOOK #2
{
  "title": "Harry Potter and the Philosopher\u0027s Stone",
  "genre": "Fantasy",
  "authorName": "J. K. Rowling",
  "yearOfPublication": 1997,
  "authorInfo": {
    "fullName": "Joanne Rowling",
    "placeOfBirth": "Yate, Gloucestershire, England",
    "yearOfBirth": 1965
  },
  "ISBNnumber": {
    "2": "978-5-389-07435-4"
  }
}

convertToJSON has executed.
Used memory in megabytes: 2.314590 
The runtime of method convertToJSON() is 25 ms

]]></system-out>
  <system-err><![CDATA[]]></system-err>
</testsuite>
