<?xml version="1.0" encoding="UTF-8"?>
<testsuite name="testing.MetricsTest" tests="2" skipped="0" failures="0" errors="0" timestamp="2017-10-22T15:18:42" hostname="brain" time="0.028">
  <properties/>
  <testcase name="printMethodName" classname="testing.MetricsTest" time="0.0"/>
  <testcase name="gatherPerformance" classname="testing.MetricsTest" time="0.028"/>
  <system-out><![CDATA[]]></system-out>
  <system-err><![CDATA[]]></system-err>
</testsuite>
