<?xml version="1.0" encoding="UTF-8"?>
<testsuite name="testing.OrgJSONMappingTest" tests="2" skipped="0" failures="0" errors="0" timestamp="2017-10-22T15:18:42" hostname="brain" time="0.168">
  <properties/>
  <testcase name="convertFromJSON" classname="testing.OrgJSONMappingTest" time="0.077"/>
  <testcase name="convertToJSON" classname="testing.OrgJSONMappingTest" time="0.022"/>
  <system-out><![CDATA[]]></system-out>
  <system-err><![CDATA[]]></system-err>
</testsuite>
